0 info it worked if it ends with ok
1 verbose cli [ 'node', '/usr/local/bin/npm', 'install', 'marked', '-g' ]
2 info using npm@2.0.2
3 info using node@v0.10.32
4 verbose cache add [ 'marked', null ]
5 verbose cache add spec="marked" args=["marked",null]
6 verbose parsed spec { raw: 'marked',
6 verbose parsed spec   scope: null,
6 verbose parsed spec   name: 'marked',
6 verbose parsed spec   rawSpec: '',
6 verbose parsed spec   spec: '*',
6 verbose parsed spec   type: 'range' }
7 verbose parsed spec { raw: 'marked',
7 verbose parsed spec   scope: null,
7 verbose parsed spec   name: 'marked',
7 verbose parsed spec   rawSpec: '',
7 verbose parsed spec   spec: '*',
7 verbose parsed spec   type: 'range' }
8 verbose addNamed [ 'marked', '*' ]
9 verbose addNamed [ null, '*' ]
10 silly lockFile 4b50710f-marked marked@*
11 verbose lock marked@* /Users/speedywolfe/.npm/4b50710f-marked.lock
12 silly addNameRange { name: 'marked', range: '*', hasData: false }
13 verbose mapToRegistry name marked
14 verbose mapToRegistry uri https://registry.npmjs.org/marked
15 verbose request on initialization, where is /marked
16 verbose request after pass 1, where is /marked
17 verbose request url raw /marked
18 verbose request resolving registry [ 'https://registry.npmjs.org/', './marked' ]
19 verbose request after pass 2, where is https://registry.npmjs.org/marked
20 verbose request no auth needed
21 info attempt registry request try #1 at 15:16:54
22 verbose request id c04cf62232a808b6
23 verbose etag "D0M48S5P1KDGE0A5UOH2ZCICC"
24 http request GET https://registry.npmjs.org/marked
25 http 304 https://registry.npmjs.org/marked
26 silly registry.get cb [ 304,
26 silly registry.get   { date: 'Sat, 28 Feb 2015 22:16:54 GMT',
26 silly registry.get     server: 'Apache',
26 silly registry.get     via: '1.1 varnish',
26 silly registry.get     'last-modified': 'Sat, 28 Feb 2015 22:16:54 GMT',
26 silly registry.get     'cache-control': 'max-age=60',
26 silly registry.get     etag: '"D0M48S5P1KDGE0A5UOH2ZCICC"',
26 silly registry.get     age: '0',
26 silly registry.get     'x-served-by': 'cache-dfw1825-DFW',
26 silly registry.get     'x-cache': 'HIT',
26 silly registry.get     'x-cache-hits': '1',
26 silly registry.get     'x-timer': 'S1425161814.914827,VS0,VE42',
26 silly registry.get     vary: 'Accept',
26 silly registry.get     'content-length': '0',
26 silly registry.get     'keep-alive': 'timeout=10, max=50',
26 silly registry.get     connection: 'Keep-Alive' } ]
27 verbose etag https://registry.npmjs.org/marked from cache
28 silly addNameRange number 2 { name: 'marked', range: '*', hasData: true }
29 silly addNameRange versions [ 'marked',
29 silly addNameRange   [ '0.0.1',
29 silly addNameRange     '0.0.2',
29 silly addNameRange     '0.0.3',
29 silly addNameRange     '0.0.4',
29 silly addNameRange     '0.0.5',
29 silly addNameRange     '0.0.6',
29 silly addNameRange     '0.0.7',
29 silly addNameRange     '0.0.8',
29 silly addNameRange     '0.0.9',
29 silly addNameRange     '0.1.0',
29 silly addNameRange     '0.1.1',
29 silly addNameRange     '0.1.2',
29 silly addNameRange     '0.1.3',
29 silly addNameRange     '0.1.4',
29 silly addNameRange     '0.1.5',
29 silly addNameRange     '0.1.6',
29 silly addNameRange     '0.1.7',
29 silly addNameRange     '0.1.8',
29 silly addNameRange     '0.1.9',
29 silly addNameRange     '0.2.0',
29 silly addNameRange     '0.2.1',
29 silly addNameRange     '0.2.2',
29 silly addNameRange     '0.2.2-1',
29 silly addNameRange     '0.2.3',
29 silly addNameRange     '0.2.4',
29 silly addNameRange     '0.2.4-1',
29 silly addNameRange     '0.2.5',
29 silly addNameRange     '0.2.6',
29 silly addNameRange     '0.2.7',
29 silly addNameRange     '0.2.8',
29 silly addNameRange     '0.2.9',
29 silly addNameRange     '0.2.10',
29 silly addNameRange     '0.3.0',
29 silly addNameRange     '0.3.1',
29 silly addNameRange     '0.3.2',
29 silly addNameRange     '0.3.3' ] ]
30 verbose addNamed [ 'marked', '0.3.3' ]
31 verbose addNamed [ '0.3.3', '0.3.3' ]
32 silly lockFile 1cfdfce5-marked-0-3-3 marked@0.3.3
33 verbose lock marked@0.3.3 /Users/speedywolfe/.npm/1cfdfce5-marked-0-3-3.lock
34 silly lockFile 1cfdfce5-marked-0-3-3 marked@0.3.3
35 silly lockFile 1cfdfce5-marked-0-3-3 marked@0.3.3
36 silly lockFile 4b50710f-marked marked@*
37 silly lockFile 4b50710f-marked marked@*
38 silly resolved [ { name: 'marked',
38 silly resolved     description: 'A markdown parser built for speed',
38 silly resolved     author: { name: 'Christopher Jeffrey' },
38 silly resolved     version: '0.3.3',
38 silly resolved     main: './lib/marked.js',
38 silly resolved     bin: { marked: './bin/marked' },
38 silly resolved     man: [ './man/marked.1' ],
38 silly resolved     preferGlobal: true,
38 silly resolved     repository: { type: 'git', url: 'git://github.com/chjj/marked.git' },
38 silly resolved     homepage: 'https://github.com/chjj/marked',
38 silly resolved     bugs: { url: 'http://github.com/chjj/marked/issues' },
38 silly resolved     license: 'MIT',
38 silly resolved     keywords: [ 'markdown', 'markup', 'html' ],
38 silly resolved     tags: [ 'markdown', 'markup', 'html' ],
38 silly resolved     devDependencies: { markdown: '*', showdown: '*', robotskirt: '*' },
38 silly resolved     scripts: { test: 'node test', bench: 'node test --bench' },
38 silly resolved     gitHead: '2b5802f258c5e23e48366f2377fbb4c807f47658',
38 silly resolved     _id: 'marked@0.3.3',
38 silly resolved     _shasum: '08bad9cac13736f6cceddc202344f1b0bf255390',
38 silly resolved     _from: 'marked@*',
38 silly resolved     _npmVersion: '2.3.0',
38 silly resolved     _nodeVersion: '0.10.35',
38 silly resolved     _npmUser: { name: 'chjj', email: 'chjjeffrey@gmail.com' },
38 silly resolved     maintainers: [ [Object] ],
38 silly resolved     dist:
38 silly resolved      { shasum: '08bad9cac13736f6cceddc202344f1b0bf255390',
38 silly resolved        tarball: 'http://registry.npmjs.org/marked/-/marked-0.3.3.tgz' },
38 silly resolved     directories: {},
38 silly resolved     _resolved: 'https://registry.npmjs.org/marked/-/marked-0.3.3.tgz',
38 silly resolved     readme: 'ERROR: No README data found!' } ]
39 info install marked@0.3.3 into /usr/local/lib
40 info installOne marked@0.3.3
41 verbose lib/node_modules/marked unbuild
42 verbose gentlyRm vacuuming /usr/local/lib/node_modules/marked
43 verbose tar unpack /Users/speedywolfe/.npm/marked/0.3.3/package.tgz
44 silly lockFile 5ce834e1-sr-local-lib-node-modules-marked tar:///usr/local/lib/node_modules/marked
45 verbose lock tar:///usr/local/lib/node_modules/marked /Users/speedywolfe/.npm/5ce834e1-sr-local-lib-node-modules-marked.lock
46 silly lockFile 089fcc57-lfe-npm-marked-0-3-3-package-tgz tar:///Users/speedywolfe/.npm/marked/0.3.3/package.tgz
47 verbose lock tar:///Users/speedywolfe/.npm/marked/0.3.3/package.tgz /Users/speedywolfe/.npm/089fcc57-lfe-npm-marked-0-3-3-package-tgz.lock
48 verbose gentlyRm vacuuming /usr/local/lib/node_modules/marked
49 silly gunzTarPerm modes [ '755', '644' ]
50 verbose fstream_path /usr/local/lib/node_modules/marked
51 verbose fstream_type Directory
52 verbose fstream_class DirWriter
53 verbose stack Error: EACCES, mkdir '/usr/local/lib/node_modules/marked'
54 verbose fstream_stack /usr/local/lib/node_modules/npm/node_modules/fstream/lib/dir-writer.js:36:23
54 verbose fstream_stack /usr/local/lib/node_modules/npm/node_modules/mkdirp/index.js:46:53
54 verbose fstream_stack Object.oncomplete (fs.js:107:15)
55 verbose cwd /Users/speedywolfe/Git/personal_site
56 error Darwin 14.1.0
57 error argv "node" "/usr/local/bin/npm" "install" "marked" "-g"
58 error node v0.10.32
59 error npm  v2.0.2
60 error path /usr/local/lib/node_modules/marked
61 error code EACCES
62 error errno 3
63 error Error: EACCES, mkdir '/usr/local/lib/node_modules/marked'
63 error  { [Error: EACCES, mkdir '/usr/local/lib/node_modules/marked']
63 error   errno: 3,
63 error   code: 'EACCES',
63 error   path: '/usr/local/lib/node_modules/marked',
63 error   fstream_type: 'Directory',
63 error   fstream_path: '/usr/local/lib/node_modules/marked',
63 error   fstream_class: 'DirWriter',
63 error   fstream_stack:
63 error    [ '/usr/local/lib/node_modules/npm/node_modules/fstream/lib/dir-writer.js:36:23',
63 error      '/usr/local/lib/node_modules/npm/node_modules/mkdirp/index.js:46:53',
63 error      'Object.oncomplete (fs.js:107:15)' ] }
64 error Please try running this command again as root/Administrator.
65 verbose exit [ 3, true ]
